------------------------------------------------------------------------------------------------------------------------

[2024-04-17 08:17:09 #1 store] 
Database 'C:\Users\ik_1DW3A\Documents\rugby-standings-manager\rugby-standings-manager\db\users.odb' is opened by 7428@HZ399401

[2024-04-17 08:17:09 #2 store] 
Configuration path: ?

------------------------------------------------------------------------------------------------------------------------

[2024-04-17 08:19:36 #1 store] 
Database 'C:\Users\ik_1DW3A\Documents\rugby-standings-manager\rugby-standings-manager\db\users.odb' is opened by 9568@HZ399401

[2024-04-17 08:19:36 #2 store] 
Configuration path: ?

[2024-04-17 08:19:36 #3 type] 
Type com.standings.model.User is not enhanced.

------------------------------------------------------------------------------------------------------------------------

[2024-04-17 08:29:36 #1 store] 
Database 'C:\Users\ik_1DW3A\Documents\rugby-standings-manager\rugby-standings-manager\db\users.odb' is opened by 6388@HZ399401

[2024-04-17 08:29:36 #2 store] 
Configuration path: ?

[2024-04-17 08:29:36 #3 type] 
Type com.standings.model.User is not enhanced.

------------------------------------------------------------------------------------------------------------------------

[2024-04-17 08:29:51 #1 store] 
Database 'C:\Users\ik_1DW3A\Documents\rugby-standings-manager\rugby-standings-manager\db\users.odb' is opened by 5228@HZ399401

[2024-04-17 08:29:51 #2 store] 
Configuration path: ?

[2024-04-17 08:29:51 #3 type] 
Type com.standings.model.User is not enhanced.

------------------------------------------------------------------------------------------------------------------------

[2024-04-17 08:36:17 #1 store] 
Database 'C:\Users\ik_1DW3A\Documents\rugby-standings-manager\rugby-standings-manager\db\users.odb' is opened by 3816@HZ399401

[2024-04-17 08:36:17 #2 store] 
Configuration path: ?

[2024-04-17 08:36:17 #3 type] 
Type com.standings.model.User is not enhanced.

------------------------------------------------------------------------------------------------------------------------

[2024-04-17 08:39:35 #1 store] 
Database 'C:\Users\ik_1DW3A\Documents\rugby-standings-manager\rugby-standings-manager\db\users.odb' is opened by 4300@HZ399401

[2024-04-17 08:39:35 #2 store] 
Configuration path: ?

[2024-04-17 08:39:35 #3 type] 
Type com.standings.model.User is not enhanced.

------------------------------------------------------------------------------------------------------------------------

[2024-04-17 09:43:29 #1 store] 
Database 'C:\Users\ik_1DW3A\Documents\rugby-standings-manager\rugby-standings-manager\db\users.odb' is opened by 9032@HZ399401

[2024-04-17 09:43:29 #2 store] 
Configuration path: ?

[2024-04-17 09:43:29 #3 type] 
Type com.standings.model.User is not enhanced.

------------------------------------------------------------------------------------------------------------------------

[2024-04-17 09:47:39 #1 store] 
Database 'C:\Users\ik_1DW3A\Documents\rugby-standings-manager\rugby-standings-manager\db\users.odb' is opened by 11664@HZ399401

[2024-04-17 09:47:39 #2 store] 
Configuration path: ?

[2024-04-17 09:47:39 #3 type] 
Type com.standings.model.User is not enhanced.

------------------------------------------------------------------------------------------------------------------------

[2024-04-17 09:49:08 #1 store] 
Database 'C:\Users\ik_1DW3A\Documents\rugby-standings-manager\rugby-standings-manager\db\users.odb' has been recovered (tr. 7-7)

[2024-04-17 09:49:08 #2 store] 
Database 'C:\Users\ik_1DW3A\Documents\rugby-standings-manager\rugby-standings-manager\db\users.odb' is opened by 3988@HZ399401

[2024-04-17 09:49:08 #3 store] 
Configuration path: ?

[2024-04-17 09:49:08 #4 type] 
Type com.standings.model.User is not enhanced.

------------------------------------------------------------------------------------------------------------------------

[2024-04-17 10:09:16 #1 store] 
Database 'C:\Users\ik_1DW3A\Documents\rugby-standings-manager\rugby-standings-manager\db\users.odb' has been recovered (tr. 8-8)

[2024-04-17 10:09:16 #2 store] 
Database 'C:\Users\ik_1DW3A\Documents\rugby-standings-manager\rugby-standings-manager\db\users.odb' is opened by 2608@HZ399401

[2024-04-17 10:09:16 #3 store] 
Configuration path: ?

[2024-04-17 10:09:16 #4 type] 
Type com.standings.model.User is not enhanced.

------------------------------------------------------------------------------------------------------------------------

[2024-04-17 10:13:31 #1 store] 
Database 'C:\Users\ik_1DW3A\Documents\rugby-standings-manager\rugby-standings-manager\db\users.odb' is opened by 9292@HZ399401

[2024-04-17 10:13:31 #2 store] 
Configuration path: ?

[2024-04-17 10:13:31 #3 type] 
Type com.standings.model.User is not enhanced.

------------------------------------------------------------------------------------------------------------------------

[2024-04-17 10:28:35 #1 store] 
Database 'C:\Users\ik_1DW3A\Documents\rugby-standings-manager\rugby-standings-manager\db\users.odb' is opened by 11708@HZ399401

[2024-04-17 10:28:35 #2 store] 
Configuration path: ?

[2024-04-17 10:28:35 #3 type] 
Type com.standings.model.User is not enhanced.

------------------------------------------------------------------------------------------------------------------------

[2024-04-17 10:28:58 #1 store] 
Database 'C:\Users\ik_1DW3A\Documents\rugby-standings-manager\rugby-standings-manager\db\users.odb' has been recovered (tr. 9-10)

[2024-04-17 10:28:58 #2 store] 
Database 'C:\Users\ik_1DW3A\Documents\rugby-standings-manager\rugby-standings-manager\db\users.odb' is opened by 6068@HZ399401

[2024-04-17 10:28:58 #3 store] 
Configuration path: ?

[2024-04-17 10:28:58 #4 type] 
Type com.standings.model.User is not enhanced.

------------------------------------------------------------------------------------------------------------------------

[2024-04-17 10:30:50 #1 store] 
Database 'C:\Users\ik_1DW3A\Documents\rugby-standings-manager\rugby-standings-manager\db\users.odb' is opened by 8748@HZ399401

[2024-04-17 10:30:50 #2 store] 
Configuration path: ?

[2024-04-17 10:30:50 #3 type] 
Type com.standings.model.User is not enhanced.

------------------------------------------------------------------------------------------------------------------------

[2024-04-17 10:31:53 #1 store] 
Database 'C:\Users\ik_1DW3A\Documents\rugby-standings-manager\rugby-standings-manager\db\users.odb' is opened by 12712@HZ399401

[2024-04-17 10:31:53 #2 store] 
Configuration path: ?

[2024-04-17 10:31:53 #3 type] 
Type com.standings.model.User is not enhanced.

------------------------------------------------------------------------------------------------------------------------

[2024-04-17 10:32:16 #1 store] 
Database 'C:\Users\ik_1DW3A\Documents\rugby-standings-manager\rugby-standings-manager\db\users.odb' is opened by 3236@HZ399401

[2024-04-17 10:32:16 #2 store] 
Configuration path: ?

[2024-04-17 10:32:16 #3 type] 
Type com.standings.model.User is not enhanced.

------------------------------------------------------------------------------------------------------------------------

[2024-04-17 11:36:47 #1 store] 
Database 'C:\Users\ik_1DW3A\Documents\rugby-standings-manager\rugby-standings-manager\db\users.odb' is opened by 10172@HZ399401

[2024-04-17 11:36:47 #2 store] 
Configuration path: ?

[2024-04-17 11:36:47 #3 type] 
Type com.standings.model.User is not enhanced.

