------------------------------------------------------------------------------------------------------------------------

[2024-04-19 12:24:10 #1 store] 
Database 'C:\Users\cbboo\Documents\txurdinagaFP\git\rugby-standings\db\users.odb' is opened by 16344@archisco

[2024-04-19 12:24:10 #2 store] 
Configuration path: ?

[2024-04-19 12:24:10 #3 type] 
Type com.standings.model.User is not enhanced.

------------------------------------------------------------------------------------------------------------------------

[2024-04-19 12:30:16 #1 store] 
Database 'C:\Users\cbboo\Documents\txurdinagaFP\git\rugby-standings\db\users.odb' has been recovered (tr. 1-4)

[2024-04-19 12:30:16 #2 store] 
Database 'C:\Users\cbboo\Documents\txurdinagaFP\git\rugby-standings\db\users.odb' is opened by 17312@archisco

[2024-04-19 12:30:16 #3 store] 
Configuration path: ?

[2024-04-19 12:30:16 #4 type] 
Type com.standings.model.User is not enhanced.

[2024-04-19 12:30:16 #5 store] 
Database 'C:\Users\cbboo\Documents\txurdinagaFP\git\rugby-standings\db\users.odb' is closed by 17312@archisco

------------------------------------------------------------------------------------------------------------------------

[2024-04-19 12:48:06 #1 store] 
Database 'C:\Users\cbboo\Documents\txurdinagaFP\git\rugby-standings\db\users.odb' is opened by 7828@archisco

[2024-04-19 12:48:06 #2 store] 
Configuration path: ?

[2024-04-19 12:48:06 #3 type] 
Type com.standings.model.User is not enhanced.

[2024-04-19 12:48:06 #4 store] 
Database 'C:\Users\cbboo\Documents\txurdinagaFP\git\rugby-standings\db\users.odb' is closed by 7828@archisco

------------------------------------------------------------------------------------------------------------------------

[2024-04-19 12:48:14 #1 store] 
Database 'C:\Users\cbboo\Documents\txurdinagaFP\git\rugby-standings\db\users.odb' is opened by 8140@archisco

[2024-04-19 12:48:14 #2 store] 
Configuration path: ?

[2024-04-19 12:48:15 #3 type] 
Type com.standings.model.User is not enhanced.

[2024-04-19 12:48:15 #4 store] 
Database 'C:\Users\cbboo\Documents\txurdinagaFP\git\rugby-standings\db\users.odb' is closed by 8140@archisco

